# JRE version: Java(TM) SE Runtime Environment (8.0_401) (build 1.8.0_401-b10)
# Java VM: Java HotSpot(TM) 64-Bit Server VM (25.401-b10 mixed mode bsd-aarch64 compressed oops)
Heap:
 PSYoungGen      total 3584K, used 1308K [0x000000076ab00000, 0x000000076af00000, 0x00000007c0000000)
  eden space 3072K, 26% used [0x000000076ab00000,0x000000076abcf118,0x000000076ae00000)
  from space 512K, 93% used [0x000000076ae80000,0x000000076aef8020,0x000000076af00000)
  to   space 512K, 0% used [0x000000076ae00000,0x000000076ae00000,0x000000076ae80000)
 ParOldGen       total 5632K, used 200K [0x00000006c0000000, 0x00000006c0580000, 0x000000076ab00000)
  object space 5632K, 3% used [0x00000006c0000000,0x00000006c0032020,0x00000006c0580000)
 Metaspace       used 4200K, capacity 5548K, committed 5760K, reserved 1056768K
  class space    used 505K, capacity 552K, committed 640K, reserved 1048576K
GC Heap History (3 events):
Event: 0.048 GC heap before
{Heap before GC invocations=1 (full 0):
 PSYoungGen      total 2048K, used 1536K [0x000000076ab00000, 0x000000076ad80000, 0x00000007c0000000)
  eden space 1536K, 100% used [0x000000076ab00000,0x000000076ac80000,0x000000076ac80000)
  from space 512K, 0% used [0x000000076ad00000,0x000000076ad00000,0x000000076ad80000)
  to   space 512K, 0% used [0x000000076ac80000,0x000000076ac80000,0x000000076ad00000)
 ParOldGen       total 5632K, used 0K [0x00000006c0000000, 0x00000006c0580000, 0x000000076ab00000)
  object space 5632K, 0% used [0x00000006c0000000,0x00000006c0000000,0x00000006c0580000)
 Metaspace       used 3333K, capacity 4812K, committed 5120K, reserved 1056768K
  class space    used 382K, capacity 456K, committed 512K, reserved 1048576K
Event: 0.049 GC heap after
Heap after GC invocations=1 (full 0):
 PSYoungGen      total 2048K, used 512K [0x000000076ab00000, 0x000000076af00000, 0x00000007c0000000)
  eden space 1536K, 0% used [0x000000076ab00000,0x000000076ab00000,0x000000076ac80000)
  from space 512K, 100% used [0x000000076ac80000,0x000000076ad00000,0x000000076ad00000)
  to   space 512K, 0% used [0x000000076ae80000,0x000000076ae80000,0x000000076af00000)
 ParOldGen       total 5632K, used 32K [0x00000006c0000000, 0x00000006c0580000, 0x000000076ab00000)
  object space 5632K, 0% used [0x00000006c0000000,0x00000006c0008010,0x00000006c0580000)
 Metaspace       used 3333K, capacity 4812K, committed 5120K, reserved 1056768K
  class space    used 382K, capacity 456K, committed 512K, reserved 1048576K
}
Event: 0.063 GC heap before
{Heap before GC invocations=2 (full 0):
 PSYoungGen      total 2048K, used 2037K [0x000000076ab00000, 0x000000076af00000, 0x00000007c0000000)
  eden space 1536K, 99% used [0x000000076ab00000,0x000000076ac7d420,0x000000076ac80000)
  from space 512K, 100% used [0x000000076ac80000,0x000000076ad00000,0x000000076ad00000)
  to   space 512K, 0% used [0x000000076ae80000,0x000000076ae80000,0x000000076af00000)
 ParOldGen       total 5632K, used 32K [0x00000006c0000000, 0x00000006c0580000, 0x000000076ab00000)
  object space 5632K, 0% used [0x00000006c0000000,0x00000006c0008010,0x00000006c0580000)
 Metaspace       used 3944K, capacity 5324K, committed 5504K, reserved 1056768K
  class space    used 465K, capacity 520K, committed 640K, reserved 1048576K

